<?xml version="1.0" encoding="UTF-8"?>
<!-- Generated by org.testng.reporters.JUnitReportReporter -->
<testsuite hostname="DESKTOP-SEILCD2" failures="0" tests="1" name="Hotel.Linklist" time="3.945" errors="0" timestamp="2024-01-02T23:25:29 GMT-08:00" skipped="0">
  <testcase classname="Hotel.Linklist" name="google" time="3.945"/>
  <system-out/>
</testsuite> <!-- Hotel.Linklist -->
