<?xml version="1.0" encoding="UTF-8"?>
<!-- Generated by org.testng.reporters.JUnitReportReporter -->
<testsuite hostname="DESKTOP-SEILCD2" failures="0" tests="1" name="Hotel.Signupprj" time="21.779" errors="0" timestamp="2024-01-02T23:51:44 GMT-08:00" skipped="0">
  <testcase classname="Hotel.Signupprj" name="test1" time="21.779"/>
  <system-out/>
</testsuite> <!-- Hotel.Signupprj -->
