<?xml version="1.0" encoding="UTF-8"?>
<!-- Generated by org.testng.reporters.JUnitReportReporter -->
<testsuite hostname="DESKTOP-SEILCD2" failures="0" tests="1" name="Hotel.Logoprj" time="0.134" errors="0" timestamp="2024-01-02T23:39:20 GMT-08:00" skipped="0">
  <testcase classname="Hotel.Logoprj" name="test1" time="0.134"/>
  <system-out/>
</testsuite> <!-- Hotel.Logoprj -->
