<?xml version="1.0" encoding="UTF-8"?>
<!-- Generated by org.testng.reporters.JUnitReportReporter -->
<testsuite hostname="DESKTOP-SEILCD2" failures="0" tests="1" name="Hotel.Titleproj" time="19.398" errors="0" timestamp="2024-01-02T23:56:43 GMT-08:00" skipped="0">
  <testcase classname="Hotel.Titleproj" name="newtest" time="19.398"/>
  <system-out/>
</testsuite> <!-- Hotel.Titleproj -->
